<?xml version="1.0" encoding="UTF-8"?>
<!-- Generated by org.testng.reporters.JUnitXMLReporter -->
<testsuite ignored="0" hostname="PE-HO-451" failures="0" tests="5" name="Test" time="250.288" errors="0" timestamp="2022-10-03T08:55:06 COT">
  <testcase classname="RunPruebas.RunPrueba" name="agregarAlCarrito" time="68.671"/>
  <testcase classname="RunPruebas.RunPrueba" name="crearCuentaHome" time="46.968"/>
  <testcase classname="RunPruebas.RunPrueba" name="pruebaAlerts" time="41.453"/>
  <testcase classname="RunPruebas.RunPrueba" name="pruebaWidgets" time="36.713"/>
  <testcase classname="RunPruebas.RunPrueba" name="pruebaMercury" time="55.187"/>
</testsuite> <!-- Test -->
