<?xml version="1.0" encoding="UTF-8"?>
<testng-results ignored="0" total="5" passed="5" failed="0" skipped="0">
  <reporter-output>
  </reporter-output>
  <suite started-at="2022-10-03T08:50:55 COT" name="Suite" finished-at="2022-10-03T08:55:05 COT" duration-ms="250288">
    <groups>
    </groups>
    <test started-at="2022-10-03T08:50:55 COT" name="Test" finished-at="2022-10-03T08:55:05 COT" duration-ms="250288">
      <class name="RunPruebas.RunPrueba">
        <test-method is-config="true" signature="beforeClass(java.lang.String,java.lang.String,java.lang.String)[pri:0, instance:RunPruebas.RunPrueba@b9b00e0]" started-at="2022-10-03T08:50:55 COT" name="beforeClass" finished-at="2022-10-03T08:50:55 COT" duration-ms="26" status="PASS">
          <params>
            <param index="0">
              <value>
                <![CDATA[./imagenes/logoMER.png]]>
              </value>
            </param>
            <param index="1">
              <value>
                <![CDATA[./imagenes/logoToolsQA.png]]>
              </value>
            </param>
            <param index="2">
              <value>
                <![CDATA[./imagenes/logoMercury.png]]>
              </value>
            </param>
          </params>
          <reporter-output>
          </reporter-output>
        </test-method> <!-- beforeClass -->
        <test-method signature="agregarAlCarrito(java.lang.String,java.lang.String,java.lang.String,java.lang.String,java.lang.String)[pri:1, instance:RunPruebas.RunPrueba@b9b00e0]" started-at="2022-10-03T08:50:56 COT" name="agregarAlCarrito" description="Buscar producto, añadir el primer resultado y crear cuenta" data-provider="busqueda" finished-at="2022-10-03T08:52:05 COT" duration-ms="68671" status="PASS">
          <params>
            <param index="0">
              <value>
                <![CDATA[https://www.mercadolibre.com.co/]]>
              </value>
            </param>
            <param index="1">
              <value>
                <![CDATA[silla]]>
              </value>
            </param>
            <param index="2">
              <value>
                <![CDATA[pruebaCarrito@gmail.com]]>
              </value>
            </param>
            <param index="3">
              <value>
                <![CDATA[SI]]>
              </value>
            </param>
            <param index="4">
              <value>
                <![CDATA[SI]]>
              </value>
            </param>
          </params>
          <reporter-output>
          </reporter-output>
        </test-method> <!-- agregarAlCarrito -->
        <test-method signature="crearCuentaHome(java.lang.String,java.lang.String,java.lang.String,java.lang.String)[pri:2, instance:RunPruebas.RunPrueba@b9b00e0]" started-at="2022-10-03T08:52:05 COT" name="crearCuentaHome" description="Crear cuenta desde Home" data-provider="busquedaExcelCrearCuentaHome" finished-at="2022-10-03T08:52:52 COT" duration-ms="46968" status="PASS">
          <params>
            <param index="0">
              <value>
                <![CDATA[SI]]>
              </value>
            </param>
            <param index="1">
              <value>
                <![CDATA[SI]]>
              </value>
            </param>
            <param index="2">
              <value>
                <![CDATA[https://www.mercadolibre.com.co/]]>
              </value>
            </param>
            <param index="3">
              <value>
                <![CDATA[pruebaHome@gmail.com]]>
              </value>
            </param>
          </params>
          <reporter-output>
          </reporter-output>
        </test-method> <!-- crearCuentaHome -->
        <test-method signature="pruebaAlerts(java.lang.String,java.lang.String,java.lang.String,java.lang.String)[pri:3, instance:RunPruebas.RunPrueba@b9b00e0]" started-at="2022-10-03T08:52:52 COT" name="pruebaAlerts" description="Prueba de Alertas en ToolsQA" data-provider="busquedaExcelAlerts" finished-at="2022-10-03T08:53:33 COT" duration-ms="41453" status="PASS">
          <params>
            <param index="0">
              <value>
                <![CDATA[SI]]>
              </value>
            </param>
            <param index="1">
              <value>
                <![CDATA[SI]]>
              </value>
            </param>
            <param index="2">
              <value>
                <![CDATA[https://demoqa.com/]]>
              </value>
            </param>
            <param index="3">
              <value>
                <![CDATA[PruebaAlerts]]>
              </value>
            </param>
          </params>
          <reporter-output>
          </reporter-output>
        </test-method> <!-- pruebaAlerts -->
        <test-method signature="pruebaWidgets(java.lang.String,java.lang.String,java.lang.String)[pri:4, instance:RunPruebas.RunPrueba@b9b00e0]" started-at="2022-10-03T08:53:33 COT" name="pruebaWidgets" description="Prueba de Widgets en ToolsQA" data-provider="busquedaExcelWidgets" finished-at="2022-10-03T08:54:10 COT" duration-ms="36713" status="PASS">
          <params>
            <param index="0">
              <value>
                <![CDATA[SI]]>
              </value>
            </param>
            <param index="1">
              <value>
                <![CDATA[SI]]>
              </value>
            </param>
            <param index="2">
              <value>
                <![CDATA[https://demoqa.com/]]>
              </value>
            </param>
          </params>
          <reporter-output>
          </reporter-output>
        </test-method> <!-- pruebaWidgets -->
        <test-method signature="pruebaMercury(java.lang.String,java.lang.String,java.lang.String,java.lang.String,java.lang.String,java.lang.String,java.lang.String,java.lang.String,java.lang.String,java.lang.String,java.lang.String,java.lang.String,java.lang.String,java.lang.String,java.lang.String)[pri:5, instance:RunPruebas.RunPrueba@b9b00e0]" started-at="2022-10-03T08:54:10 COT" name="pruebaMercury" description="Prueba de formulario MercuryTours" data-provider="busquedaExcelMercury" finished-at="2022-10-03T08:55:05 COT" duration-ms="55187" status="PASS">
          <params>
            <param index="0">
              <value>
                <![CDATA[SI]]>
              </value>
            </param>
            <param index="1">
              <value>
                <![CDATA[SI]]>
              </value>
            </param>
            <param index="2">
              <value>
                <![CDATA[https://demo.guru99.com/selenium/newtours/index.php]]>
              </value>
            </param>
            <param index="3">
              <value>
                <![CDATA[Nicolas]]>
              </value>
            </param>
            <param index="4">
              <value>
                <![CDATA[Bolivar]]>
              </value>
            </param>
            <param index="5">
              <value>
                <![CDATA[3016411695]]>
              </value>
            </param>
            <param index="6">
              <value>
                <![CDATA[pruebaMercury@gmail.com]]>
              </value>
            </param>
            <param index="7">
              <value>
                <![CDATA[calle 26 sur #89d-38]]>
              </value>
            </param>
            <param index="8">
              <value>
                <![CDATA[Bogota]]>
              </value>
            </param>
            <param index="9">
              <value>
                <![CDATA[Keneddy]]>
              </value>
            </param>
            <param index="10">
              <value>
                <![CDATA[1111]]>
              </value>
            </param>
            <param index="11">
              <value>
                <![CDATA[OMAN]]>
              </value>
            </param>
            <param index="12">
              <value>
                <![CDATA[nleeoonn]]>
              </value>
            </param>
            <param index="13">
              <value>
                <![CDATA[pasS123*]]>
              </value>
            </param>
            <param index="14">
              <value>
                <![CDATA[pasS123*]]>
              </value>
            </param>
          </params>
          <reporter-output>
          </reporter-output>
        </test-method> <!-- pruebaMercury -->
        <test-method is-config="true" signature="afterClass()[pri:0, instance:RunPruebas.RunPrueba@b9b00e0]" started-at="2022-10-03T08:55:05 COT" name="afterClass" finished-at="2022-10-03T08:55:05 COT" duration-ms="406" status="PASS">
          <reporter-output>
          </reporter-output>
        </test-method> <!-- afterClass -->
      </class> <!-- RunPruebas.RunPrueba -->
    </test> <!-- Test -->
  </suite> <!-- Suite -->
</testng-results>
